Arguments: 
  /usr/local/bin/node /usr/local/bin/yarn install

PATH: 
  /usr/local/bin:/usr/local/bin:/usr/bin:/bin:/usr/sbin:/sbin:/usr/local/MacGPG2/bin

Yarn version: 
  0.23.4

Node version: 
  7.10.0

Platform: 
  darwin x64

npm manifest: 
  {
    "name": "react-youtube",
    "version": "1.0.0",
    "description": "A book tracking application using Redux for state management.",
    "main": "index.jsx",
    "repository": "git@github.com:iknowhtml/redux-book-tracker.git",
    "scripts": {
      "start": "webpack-dev-server",
      "build": "webpack -p"
    },
    "author": "",
    "license": "ISC",
    "devDependencies": {
      "babel-core": "^6.2.1",
      "babel-loader": "^6.2.0",
      "babel-preset-es2015": "^6.1.18",
      "babel-preset-react": "^6.1.18",
      "webpack": "^1.12.9",
      "webpack-dev-server": "^1.14.0"
    },
    "dependencies": {
      "babel-preset-stage-1": "^6.1.18",
      "react": "^0.14.3",
      "react-dom": "^0.14.3",
      "react-redux": "4.3.0",
      "react-router": "^2.0.1",
      "redux": "^3.0.4"
    }
  }

yarn manifest: 
  No manifest

Lockfile: 
  No lockfile

Trace: 
  Error: read ETIMEDOUT
      at exports._errnoException (util.js:1050:11)
      at TLSWrap.onread (net.js:582:26)
